=== puma startup: 2022-08-23 17:35:23 +0000 ===
WARN: Unresolved or ambiguous specs during Gem::Specification.reset:
      minitest (>= 5.1)
      Available/installed versions of this gem:
      - 5.16.2
      - 5.15.0
WARN: Clearing out unresolved specs. Try 'gem cleanup <gem>'
Please report a bug if this causes problems.
=== puma startup: 2022-08-23 17:36:54 +0000 ===
WARN: Unresolved or ambiguous specs during Gem::Specification.reset:
      minitest (>= 5.1)
      Available/installed versions of this gem:
      - 5.16.2
      - 5.15.0
WARN: Clearing out unresolved specs. Try 'gem cleanup <gem>'
Please report a bug if this causes problems.
=== puma startup: 2022-08-23 17:38:25 +0000 ===
WARN: Unresolved or ambiguous specs during Gem::Specification.reset:
      minitest (>= 5.1)
      Available/installed versions of this gem:
      - 5.16.2
      - 5.15.0
WARN: Clearing out unresolved specs. Try 'gem cleanup <gem>'
Please report a bug if this causes problems.
=== puma startup: 2022-08-23 17:39:56 +0000 ===
WARN: Unresolved or ambiguous specs during Gem::Specification.reset:
      minitest (>= 5.1)
      Available/installed versions of this gem:
      - 5.16.2
      - 5.15.0
WARN: Clearing out unresolved specs. Try 'gem cleanup <gem>'
Please report a bug if this causes problems.
=== puma startup: 2022-08-23 18:59:12 +0000 ===
WARN: Unresolved or ambiguous specs during Gem::Specification.reset:
      minitest (>= 5.1)
      Available/installed versions of this gem:
      - 5.16.2
      - 5.15.0
WARN: Clearing out unresolved specs. Try 'gem cleanup <gem>'
Please report a bug if this causes problems.
=== puma startup: 2022-08-23 19:00:43 +0000 ===
WARN: Unresolved or ambiguous specs during Gem::Specification.reset:
      minitest (>= 5.1)
      Available/installed versions of this gem:
      - 5.16.2
      - 5.15.0
WARN: Clearing out unresolved specs. Try 'gem cleanup <gem>'
Please report a bug if this causes problems.
=== puma startup: 2022-08-23 19:02:14 +0000 ===
WARN: Unresolved or ambiguous specs during Gem::Specification.reset:
      minitest (>= 5.1)
      Available/installed versions of this gem:
      - 5.16.2
      - 5.15.0
WARN: Clearing out unresolved specs. Try 'gem cleanup <gem>'
Please report a bug if this causes problems.
=== puma startup: 2022-08-23 19:03:45 +0000 ===
WARN: Unresolved or ambiguous specs during Gem::Specification.reset:
      minitest (>= 5.1)
      Available/installed versions of this gem:
      - 5.16.2
      - 5.15.0
WARN: Clearing out unresolved specs. Try 'gem cleanup <gem>'
Please report a bug if this causes problems.
=== puma startup: 2022-08-23 19:05:15 +0000 ===
WARN: Unresolved or ambiguous specs during Gem::Specification.reset:
      minitest (>= 5.1)
      Available/installed versions of this gem:
      - 5.16.2
      - 5.15.0
WARN: Clearing out unresolved specs. Try 'gem cleanup <gem>'
Please report a bug if this causes problems.
=== puma startup: 2022-08-23 19:06:46 +0000 ===
WARN: Unresolved or ambiguous specs during Gem::Specification.reset:
      minitest (>= 5.1)
      Available/installed versions of this gem:
      - 5.16.2
      - 5.15.0
WARN: Clearing out unresolved specs. Try 'gem cleanup <gem>'
Please report a bug if this causes problems.
=== puma startup: 2022-08-23 19:08:17 +0000 ===
WARN: Unresolved or ambiguous specs during Gem::Specification.reset:
      minitest (>= 5.1)
      Available/installed versions of this gem:
      - 5.16.2
      - 5.15.0
WARN: Clearing out unresolved specs. Try 'gem cleanup <gem>'
Please report a bug if this causes problems.
=== puma startup: 2022-08-23 19:09:48 +0000 ===
WARN: Unresolved or ambiguous specs during Gem::Specification.reset:
      minitest (>= 5.1)
      Available/installed versions of this gem:
      - 5.16.2
      - 5.15.0
WARN: Clearing out unresolved specs. Try 'gem cleanup <gem>'
Please report a bug if this causes problems.
=== puma startup: 2022-08-23 19:11:18 +0000 ===
WARN: Unresolved or ambiguous specs during Gem::Specification.reset:
      minitest (>= 5.1)
      Available/installed versions of this gem:
      - 5.16.2
      - 5.15.0
WARN: Clearing out unresolved specs. Try 'gem cleanup <gem>'
Please report a bug if this causes problems.
=== puma startup: 2022-08-23 19:12:49 +0000 ===
WARN: Unresolved or ambiguous specs during Gem::Specification.reset:
      minitest (>= 5.1)
      Available/installed versions of this gem:
      - 5.16.2
      - 5.15.0
WARN: Clearing out unresolved specs. Try 'gem cleanup <gem>'
Please report a bug if this causes problems.
=== puma startup: 2022-08-24 11:10:12 +0000 ===
=== puma startup: 2022-08-24 11:11:43 +0000 ===
=== puma startup: 2022-08-24 11:13:14 +0000 ===
=== puma startup: 2022-08-24 11:14:44 +0000 ===
=== puma startup: 2022-08-24 11:16:15 +0000 ===
=== puma startup: 2022-08-24 11:18:10 +0000 ===
=== puma startup: 2022-08-24 11:19:41 +0000 ===
=== puma startup: 2022-08-24 11:21:11 +0000 ===
=== puma startup: 2022-08-24 11:22:42 +0000 ===
=== puma startup: 2022-08-24 11:24:13 +0000 ===
=== puma startup: 2022-08-24 11:25:44 +0000 ===
=== puma startup: 2022-08-24 11:27:14 +0000 ===
=== puma startup: 2022-08-24 11:28:45 +0000 ===
=== puma startup: 2022-08-24 11:32:58 +0000 ===
=== puma startup: 2022-08-24 11:34:28 +0000 ===
=== puma startup: 2022-08-24 11:35:59 +0000 ===
=== puma startup: 2022-08-24 11:37:29 +0000 ===
=== puma startup: 2022-08-24 11:40:28 +0000 ===
=== puma startup: 2022-08-24 11:41:59 +0000 ===
=== puma startup: 2022-08-24 11:43:30 +0000 ===
=== puma startup: 2022-08-24 11:45:01 +0000 ===
=== puma startup: 2022-08-24 11:46:31 +0000 ===
=== puma startup: 2022-08-24 11:48:02 +0000 ===
=== puma startup: 2022-08-24 11:49:52 +0000 ===
=== puma startup: 2022-08-24 11:51:23 +0000 ===
=== puma startup: 2022-08-24 11:53:23 +0000 ===
=== puma startup: 2022-08-24 11:54:54 +0000 ===
=== puma startup: 2022-08-24 11:56:25 +0000 ===
=== puma startup: 2022-08-24 11:57:45 +0000 ===
=== puma startup: 2022-08-24 11:59:16 +0000 ===
=== puma startup: 2022-08-24 12:00:46 +0000 ===
=== puma startup: 2022-08-24 12:02:17 +0000 ===
=== puma startup: 2022-08-24 12:03:48 +0000 ===
=== puma startup: 2022-08-24 12:05:19 +0000 ===
=== puma startup: 2022-08-24 12:06:49 +0000 ===
=== puma startup: 2022-08-24 12:08:20 +0000 ===
=== puma startup: 2022-08-24 12:09:51 +0000 ===
=== puma startup: 2022-08-24 12:11:22 +0000 ===
=== puma startup: 2022-08-24 12:12:52 +0000 ===
=== puma startup: 2022-08-24 12:14:23 +0000 ===
=== puma startup: 2022-08-24 12:15:54 +0000 ===
=== puma startup: 2022-08-24 12:17:25 +0000 ===
=== puma startup: 2022-08-24 12:53:53 +0000 ===
=== puma startup: 2022-08-24 13:21:06 +0000 ===
=== puma startup: 2022-08-24 13:22:36 +0000 ===
=== puma startup: 2022-08-24 13:24:07 +0000 ===
=== puma startup: 2022-08-24 13:25:38 +0000 ===
=== puma startup: 2022-08-24 13:27:08 +0000 ===
=== puma startup: 2022-08-24 13:28:39 +0000 ===
=== puma startup: 2022-08-24 13:30:10 +0000 ===
=== puma startup: 2022-08-24 13:31:41 +0000 ===
=== puma startup: 2022-08-24 13:33:11 +0000 ===
=== puma startup: 2022-08-24 13:34:42 +0000 ===
=== puma startup: 2022-08-24 13:36:13 +0000 ===
=== puma startup: 2022-08-24 13:37:43 +0000 ===
=== puma startup: 2022-08-24 13:39:14 +0000 ===
=== puma startup: 2022-08-24 13:40:45 +0000 ===
=== puma startup: 2022-08-24 13:42:16 +0000 ===
=== puma startup: 2022-08-24 13:43:46 +0000 ===
=== puma startup: 2022-08-24 13:45:17 +0000 ===
=== puma startup: 2022-08-24 13:46:48 +0000 ===
=== puma startup: 2022-08-24 13:48:19 +0000 ===
=== puma startup: 2022-08-24 13:49:30 +0000 ===
=== puma startup: 2022-08-24 13:51:01 +0000 ===
=== puma startup: 2022-08-24 13:55:36 +0000 ===
=== puma startup: 2022-08-24 13:57:07 +0000 ===
=== puma startup: 2022-08-24 13:58:38 +0000 ===
=== puma startup: 2022-08-24 14:00:09 +0000 ===
=== puma startup: 2022-08-24 14:01:39 +0000 ===
=== puma startup: 2022-08-24 14:03:10 +0000 ===
=== puma startup: 2022-08-24 14:04:41 +0000 ===
=== puma startup: 2022-08-24 14:07:08 +0000 ===
=== puma startup: 2022-08-24 14:08:39 +0000 ===
=== puma startup: 2022-08-24 14:10:10 +0000 ===
=== puma startup: 2022-08-24 14:11:40 +0000 ===
=== puma startup: 2022-08-24 14:13:11 +0000 ===
=== puma startup: 2022-08-24 14:14:42 +0000 ===
=== puma startup: 2022-08-24 14:16:13 +0000 ===
=== puma startup: 2022-08-24 14:17:43 +0000 ===
=== puma startup: 2022-08-24 14:22:20 +0000 ===
=== puma startup: 2022-08-24 14:23:51 +0000 ===
=== puma startup: 2022-08-24 14:25:22 +0000 ===
=== puma startup: 2022-08-24 14:26:52 +0000 ===
=== puma startup: 2022-08-24 14:28:23 +0000 ===
=== puma startup: 2022-08-24 14:29:54 +0000 ===
=== puma startup: 2022-08-24 14:31:25 +0000 ===
=== puma startup: 2022-08-24 14:32:56 +0000 ===
=== puma startup: 2022-08-24 14:34:57 +0000 ===
=== puma startup: 2022-08-24 14:36:27 +0000 ===
=== puma startup: 2022-08-24 14:37:58 +0000 ===
=== puma startup: 2022-08-24 14:39:59 +0000 ===
=== puma startup: 2022-08-24 14:41:59 +0000 ===
=== puma startup: 2022-08-24 14:43:30 +0000 ===
=== puma startup: 2022-08-24 14:45:01 +0000 ===
=== puma startup: 2022-08-24 14:46:31 +0000 ===
=== puma startup: 2022-08-24 14:48:02 +0000 ===
=== puma startup: 2022-08-24 14:49:33 +0000 ===
=== puma startup: 2022-08-24 14:51:04 +0000 ===
=== puma startup: 2022-08-24 14:52:35 +0000 ===
=== puma startup: 2022-08-24 14:54:27 +0000 ===
=== puma startup: 2022-08-24 14:56:28 +0000 ===
=== puma startup: 2022-08-24 14:58:29 +0000 ===
=== puma startup: 2022-08-24 15:00:00 +0000 ===
=== puma startup: 2022-08-24 15:01:30 +0000 ===
=== puma startup: 2022-08-24 15:03:01 +0000 ===
=== puma startup: 2022-08-24 15:04:32 +0000 ===
=== puma startup: 2022-08-24 15:06:03 +0000 ===
=== puma startup: 2022-08-24 15:07:33 +0000 ===
=== puma startup: 2022-08-24 15:09:04 +0000 ===
=== puma startup: 2022-08-24 15:10:35 +0000 ===
=== puma startup: 2022-08-24 15:12:06 +0000 ===
=== puma startup: 2022-08-24 15:13:36 +0000 ===
=== puma startup: 2022-08-24 15:15:07 +0000 ===
=== puma startup: 2022-08-24 15:16:38 +0000 ===
=== puma startup: 2022-08-24 15:18:09 +0000 ===
=== puma startup: 2022-08-24 15:19:39 +0000 ===
=== puma startup: 2022-08-24 15:21:10 +0000 ===
=== puma startup: 2022-08-24 15:22:41 +0000 ===
=== puma startup: 2022-08-24 15:24:12 +0000 ===
=== puma startup: 2022-08-24 15:25:42 +0000 ===
=== puma startup: 2022-08-24 15:27:13 +0000 ===
=== puma startup: 2022-08-24 15:28:44 +0000 ===
=== puma startup: 2022-08-24 15:30:15 +0000 ===
=== puma startup: 2022-08-24 15:31:45 +0000 ===
=== puma startup: 2022-08-24 15:33:16 +0000 ===
=== puma startup: 2022-08-24 15:34:47 +0000 ===
=== puma startup: 2022-08-24 15:36:18 +0000 ===
=== puma startup: 2022-08-24 15:37:48 +0000 ===
=== puma startup: 2022-08-24 15:39:19 +0000 ===
=== puma startup: 2022-08-24 15:40:50 +0000 ===
=== puma startup: 2022-08-24 15:42:21 +0000 ===
=== puma startup: 2022-08-24 15:43:51 +0000 ===
=== puma startup: 2022-08-24 15:45:22 +0000 ===
=== puma startup: 2022-08-24 15:46:53 +0000 ===
=== puma startup: 2022-08-24 15:48:24 +0000 ===
=== puma startup: 2022-08-24 15:49:54 +0000 ===
=== puma startup: 2022-08-24 15:51:25 +0000 ===
=== puma startup: 2022-08-24 15:52:56 +0000 ===
=== puma startup: 2022-08-24 15:54:27 +0000 ===
=== puma startup: 2022-08-24 15:55:57 +0000 ===
=== puma startup: 2022-08-24 15:57:28 +0000 ===
=== puma startup: 2022-08-24 15:58:59 +0000 ===
=== puma startup: 2022-08-24 16:00:30 +0000 ===
=== puma startup: 2022-08-24 16:02:00 +0000 ===
=== puma startup: 2022-08-24 16:03:31 +0000 ===
=== puma startup: 2022-08-24 16:05:02 +0000 ===
=== puma startup: 2022-08-24 16:06:33 +0000 ===
=== puma startup: 2022-08-24 16:08:03 +0000 ===
=== puma startup: 2022-08-24 16:09:34 +0000 ===
=== puma startup: 2022-08-24 16:11:05 +0000 ===
=== puma startup: 2022-08-24 16:12:36 +0000 ===
=== puma startup: 2022-08-24 16:14:06 +0000 ===
=== puma startup: 2022-08-24 16:15:37 +0000 ===
=== puma startup: 2022-08-24 16:17:08 +0000 ===
=== puma startup: 2022-08-24 16:18:39 +0000 ===
=== puma startup: 2022-08-24 16:20:39 +0000 ===
=== puma startup: 2022-08-24 16:22:10 +0000 ===
=== puma startup: 2022-08-24 16:26:16 +0000 ===
=== puma startup: 2022-08-24 16:28:12 +0000 ===
=== puma startup: 2022-08-24 16:29:43 +0000 ===
=== puma startup: 2022-08-24 16:31:14 +0000 ===
=== puma startup: 2022-08-24 16:32:45 +0000 ===
=== puma startup: 2022-08-24 16:34:15 +0000 ===
=== puma startup: 2022-08-24 16:36:16 +0000 ===
=== puma startup: 2022-08-24 16:37:47 +0000 ===
=== puma startup: 2022-08-24 16:39:18 +0000 ===
=== puma startup: 2022-08-24 16:40:48 +0000 ===
=== puma startup: 2022-08-24 16:42:19 +0000 ===
=== puma startup: 2022-08-24 16:43:50 +0000 ===
=== puma startup: 2022-08-24 16:45:21 +0000 ===
=== puma startup: 2022-08-24 16:46:51 +0000 ===
=== puma startup: 2022-08-24 16:48:22 +0000 ===
=== puma startup: 2022-08-24 16:49:53 +0000 ===
=== puma startup: 2022-08-24 16:51:24 +0000 ===
=== puma startup: 2022-08-24 16:52:54 +0000 ===
=== puma startup: 2022-08-24 16:54:55 +0000 ===
=== puma startup: 2022-08-24 16:56:26 +0000 ===
=== puma startup: 2022-08-24 16:57:57 +0000 ===
=== puma startup: 2022-08-24 16:59:27 +0000 ===
=== puma startup: 2022-08-24 17:00:58 +0000 ===
=== puma startup: 2022-08-24 17:02:29 +0000 ===
=== puma startup: 2022-08-24 17:04:00 +0000 ===
=== puma startup: 2022-08-24 17:05:30 +0000 ===
=== puma startup: 2022-08-24 17:07:01 +0000 ===
=== puma startup: 2022-08-24 17:08:32 +0000 ===
=== puma startup: 2022-08-24 17:10:03 +0000 ===
=== puma startup: 2022-08-24 17:11:33 +0000 ===
=== puma startup: 2022-08-24 17:13:04 +0000 ===
=== puma startup: 2022-08-24 17:14:35 +0000 ===
=== puma startup: 2022-08-24 17:16:06 +0000 ===
=== puma startup: 2022-08-24 17:18:06 +0000 ===
=== puma startup: 2022-08-24 17:19:37 +0000 ===
=== puma startup: 2022-08-24 17:21:08 +0000 ===
=== puma startup: 2022-08-24 17:22:39 +0000 ===
=== puma startup: 2022-08-24 17:24:09 +0000 ===
=== puma startup: 2022-08-24 17:25:40 +0000 ===
=== puma startup: 2022-08-24 17:27:11 +0000 ===
=== puma startup: 2022-08-24 17:28:42 +0000 ===
=== puma startup: 2022-08-24 17:30:12 +0000 ===
=== puma startup: 2022-08-24 17:31:43 +0000 ===
=== puma startup: 2022-08-24 17:33:14 +0000 ===
=== puma startup: 2022-08-24 17:34:45 +0000 ===
=== puma startup: 2022-08-24 17:36:45 +0000 ===
=== puma startup: 2022-08-24 17:38:16 +0000 ===
=== puma startup: 2022-08-24 17:39:47 +0000 ===
=== puma startup: 2022-08-24 17:41:18 +0000 ===
=== puma startup: 2022-08-24 17:42:48 +0000 ===
=== puma startup: 2022-08-24 17:44:49 +0000 ===
=== puma startup: 2022-08-24 17:46:20 +0000 ===
=== puma startup: 2022-08-24 17:47:50 +0000 ===
=== puma startup: 2022-08-24 17:49:21 +0000 ===
=== puma startup: 2022-08-24 17:51:22 +0000 ===
=== puma startup: 2022-08-24 17:52:53 +0000 ===
=== puma startup: 2022-08-24 17:54:23 +0000 ===
=== puma startup: 2022-08-24 17:56:24 +0000 ===
=== puma startup: 2022-08-24 17:57:55 +0000 ===
=== puma startup: 2022-08-24 17:59:26 +0000 ===
=== puma startup: 2022-08-24 18:00:56 +0000 ===
=== puma startup: 2022-08-24 18:02:27 +0000 ===
=== puma startup: 2022-08-24 18:03:58 +0000 ===
=== puma startup: 2022-08-24 18:05:59 +0000 ===
=== puma startup: 2022-08-24 18:07:29 +0000 ===
=== puma startup: 2022-08-24 18:09:00 +0000 ===
=== puma startup: 2022-08-24 18:10:31 +0000 ===
=== puma startup: 2022-08-24 18:12:02 +0000 ===
=== puma startup: 2022-08-24 18:13:32 +0000 ===
=== puma startup: 2022-08-24 18:15:03 +0000 ===
=== puma startup: 2022-08-24 18:16:34 +0000 ===
=== puma startup: 2022-08-24 18:18:04 +0000 ===
=== puma startup: 2022-08-24 18:19:35 +0000 ===
=== puma startup: 2022-08-24 18:21:06 +0000 ===
=== puma startup: 2022-08-24 18:22:37 +0000 ===
=== puma startup: 2022-08-24 18:24:07 +0000 ===
=== puma startup: 2022-08-24 18:25:38 +0000 ===
=== puma startup: 2022-08-24 18:27:09 +0000 ===
=== puma startup: 2022-08-24 18:28:40 +0000 ===
=== puma startup: 2022-08-24 18:30:10 +0000 ===
=== puma startup: 2022-08-24 18:31:41 +0000 ===
=== puma startup: 2022-08-24 18:33:12 +0000 ===
=== puma startup: 2022-08-24 18:34:43 +0000 ===
=== puma startup: 2022-08-24 18:36:43 +0000 ===
=== puma startup: 2022-08-24 18:38:14 +0000 ===
=== puma startup: 2022-08-24 18:39:45 +0000 ===
=== puma startup: 2022-08-24 18:41:16 +0000 ===
=== puma startup: 2022-08-24 18:42:46 +0000 ===
=== puma startup: 2022-08-24 18:44:17 +0000 ===
=== puma startup: 2022-08-24 18:45:48 +0000 ===
=== puma startup: 2022-08-24 18:47:19 +0000 ===
=== puma startup: 2022-08-24 18:48:49 +0000 ===
=== puma startup: 2022-08-24 18:50:20 +0000 ===
=== puma startup: 2022-08-24 18:51:51 +0000 ===
=== puma startup: 2022-08-24 18:53:22 +0000 ===
=== puma startup: 2022-08-24 18:54:53 +0000 ===
=== puma startup: 2022-08-24 18:56:23 +0000 ===
=== puma startup: 2022-08-24 18:57:54 +0000 ===
=== puma startup: 2022-08-24 18:59:25 +0000 ===
=== puma startup: 2022-08-24 19:00:55 +0000 ===
=== puma startup: 2022-08-24 19:02:26 +0000 ===
=== puma startup: 2022-08-24 19:04:27 +0000 ===
=== puma startup: 2022-08-24 19:05:58 +0000 ===
=== puma startup: 2022-08-24 19:07:28 +0000 ===
=== puma startup: 2022-08-24 19:08:59 +0000 ===
=== puma startup: 2022-08-24 19:10:30 +0000 ===
=== puma startup: 2022-08-24 19:12:01 +0000 ===
=== puma startup: 2022-08-24 19:13:31 +0000 ===
=== puma startup: 2022-08-24 19:15:05 +0000 ===
=== puma startup: 2022-08-24 19:16:35 +0000 ===
=== puma startup: 2022-08-24 19:18:06 +0000 ===
=== puma startup: 2022-08-24 19:19:37 +0000 ===
=== puma startup: 2022-08-24 19:21:08 +0000 ===
=== puma startup: 2022-08-24 19:22:40 +0000 ===
=== puma startup: 2022-08-24 19:24:10 +0000 ===
=== puma startup: 2022-08-24 19:25:41 +0000 ===
=== puma startup: 2022-08-24 19:27:12 +0000 ===
=== puma startup: 2022-08-24 19:28:43 +0000 ===
=== puma startup: 2022-08-24 19:30:13 +0000 ===
=== puma startup: 2022-08-24 19:32:14 +0000 ===
=== puma startup: 2022-08-24 19:33:45 +0000 ===
=== puma startup: 2022-08-24 19:35:16 +0000 ===
=== puma startup: 2022-08-24 19:36:46 +0000 ===
=== puma startup: 2022-08-24 19:38:47 +0000 ===
=== puma startup: 2022-08-24 19:40:18 +0000 ===
=== puma startup: 2022-08-24 19:41:49 +0000 ===
=== puma startup: 2022-08-24 19:43:19 +0000 ===
=== puma startup: 2022-08-24 19:44:50 +0000 ===
=== puma startup: 2022-08-24 19:46:21 +0000 ===
=== puma startup: 2022-08-24 19:47:52 +0000 ===
=== puma startup: 2022-08-24 19:49:23 +0000 ===
=== puma startup: 2022-08-24 19:50:54 +0000 ===
=== puma startup: 2022-08-24 19:52:46 +0000 ===
=== puma startup: 2022-08-24 19:54:17 +0000 ===
=== puma startup: 2022-08-24 19:56:09 +0000 ===
=== puma startup: 2022-08-24 19:57:40 +0000 ===
=== puma startup: 2022-08-24 19:59:11 +0000 ===
=== puma startup: 2022-08-24 20:00:42 +0000 ===
=== puma startup: 2022-08-24 20:02:12 +0000 ===
=== puma startup: 2022-08-24 20:03:43 +0000 ===
=== puma startup: 2022-08-24 20:05:14 +0000 ===
=== puma startup: 2022-08-24 20:06:44 +0000 ===
=== puma startup: 2022-08-24 20:08:15 +0000 ===
=== puma startup: 2022-08-24 20:09:46 +0000 ===
=== puma startup: 2022-08-24 20:11:17 +0000 ===
=== puma startup: 2022-08-24 20:12:47 +0000 ===
=== puma startup: 2022-08-24 20:14:18 +0000 ===
=== puma startup: 2022-08-24 20:15:49 +0000 ===
=== puma startup: 2022-08-24 20:17:20 +0000 ===
=== puma startup: 2022-08-24 20:18:50 +0000 ===
=== puma startup: 2022-08-24 20:20:21 +0000 ===
=== puma startup: 2022-08-24 20:21:52 +0000 ===
=== puma startup: 2022-08-24 20:23:23 +0000 ===
=== puma startup: 2022-08-24 20:24:53 +0000 ===
=== puma startup: 2022-08-24 20:26:24 +0000 ===
=== puma startup: 2022-08-24 20:27:55 +0000 ===
=== puma startup: 2022-08-24 20:29:26 +0000 ===
=== puma startup: 2022-08-24 20:30:56 +0000 ===
=== puma startup: 2022-08-24 20:32:27 +0000 ===
=== puma startup: 2022-08-24 20:33:58 +0000 ===
=== puma startup: 2022-08-24 20:35:29 +0000 ===
=== puma startup: 2022-08-24 20:36:59 +0000 ===
=== puma startup: 2022-08-24 20:38:30 +0000 ===
=== puma startup: 2022-08-24 20:40:01 +0000 ===
=== puma startup: 2022-08-24 20:41:32 +0000 ===
=== puma startup: 2022-08-24 20:43:02 +0000 ===
=== puma startup: 2022-08-24 20:44:33 +0000 ===
=== puma startup: 2022-08-24 20:46:04 +0000 ===
=== puma startup: 2022-08-24 20:47:35 +0000 ===
=== puma startup: 2022-08-24 20:49:05 +0000 ===
=== puma startup: 2022-08-24 20:50:36 +0000 ===
=== puma startup: 2022-08-24 20:52:07 +0000 ===
=== puma startup: 2022-08-24 20:53:38 +0000 ===
=== puma startup: 2022-08-24 20:55:08 +0000 ===
=== puma startup: 2022-08-24 20:56:39 +0000 ===
=== puma startup: 2022-08-24 20:58:10 +0000 ===
=== puma startup: 2022-08-24 20:59:41 +0000 ===
=== puma startup: 2022-08-24 21:01:11 +0000 ===
=== puma startup: 2022-08-24 21:02:42 +0000 ===
=== puma startup: 2022-08-24 21:04:13 +0000 ===
=== puma startup: 2022-08-24 21:05:44 +0000 ===
=== puma startup: 2022-08-24 21:07:14 +0000 ===
=== puma startup: 2022-08-24 21:08:45 +0000 ===
=== puma startup: 2022-08-24 21:10:16 +0000 ===
=== puma startup: 2022-08-24 21:11:47 +0000 ===
=== puma startup: 2022-08-24 21:13:17 +0000 ===
=== puma startup: 2022-08-24 21:14:48 +0000 ===
=== puma startup: 2022-08-24 21:16:19 +0000 ===
=== puma startup: 2022-08-24 21:17:50 +0000 ===
=== puma startup: 2022-08-24 21:19:20 +0000 ===
=== puma startup: 2022-08-24 21:20:51 +0000 ===
=== puma startup: 2022-08-24 21:22:22 +0000 ===
=== puma startup: 2022-08-24 21:23:53 +0000 ===
=== puma startup: 2022-08-24 21:25:23 +0000 ===
=== puma startup: 2022-08-24 21:26:54 +0000 ===
=== puma startup: 2022-08-24 21:28:25 +0000 ===
=== puma startup: 2022-08-24 21:29:56 +0000 ===
=== puma startup: 2022-08-24 21:31:26 +0000 ===
=== puma startup: 2022-08-24 21:32:57 +0000 ===
=== puma startup: 2022-08-24 21:34:28 +0000 ===
=== puma startup: 2022-08-24 21:35:59 +0000 ===
=== puma startup: 2022-08-24 21:37:29 +0000 ===
=== puma startup: 2022-08-24 21:39:00 +0000 ===
=== puma startup: 2022-08-24 21:40:31 +0000 ===
=== puma startup: 2022-08-24 21:42:02 +0000 ===
=== puma startup: 2022-08-24 21:43:32 +0000 ===
=== puma startup: 2022-08-24 21:45:03 +0000 ===
=== puma startup: 2022-08-24 21:46:34 +0000 ===
=== puma startup: 2022-08-24 21:48:05 +0000 ===
=== puma startup: 2022-08-24 21:49:35 +0000 ===
=== puma startup: 2022-08-24 21:51:06 +0000 ===
=== puma startup: 2022-08-24 21:52:37 +0000 ===
=== puma startup: 2022-08-24 21:54:08 +0000 ===
=== puma startup: 2022-08-24 21:55:38 +0000 ===
=== puma startup: 2022-08-24 21:57:09 +0000 ===
=== puma startup: 2022-08-24 21:58:40 +0000 ===
=== puma startup: 2022-08-24 22:00:11 +0000 ===
=== puma startup: 2022-08-24 22:01:41 +0000 ===
=== puma startup: 2022-08-24 22:03:12 +0000 ===
=== puma startup: 2022-08-24 22:04:43 +0000 ===
=== puma startup: 2022-08-24 22:06:14 +0000 ===
=== puma startup: 2022-08-24 22:07:44 +0000 ===
=== puma startup: 2022-08-24 22:09:15 +0000 ===
=== puma startup: 2022-08-24 22:10:46 +0000 ===
=== puma startup: 2022-08-24 22:12:17 +0000 ===
=== puma startup: 2022-08-24 22:13:47 +0000 ===
=== puma startup: 2022-08-24 22:15:18 +0000 ===
=== puma startup: 2022-08-24 22:16:49 +0000 ===
=== puma startup: 2022-08-24 22:18:20 +0000 ===
=== puma startup: 2022-08-24 22:19:50 +0000 ===
=== puma startup: 2022-08-24 22:21:21 +0000 ===
=== puma startup: 2022-08-24 22:22:52 +0000 ===
=== puma startup: 2022-08-24 22:24:23 +0000 ===
=== puma startup: 2022-08-24 22:25:53 +0000 ===
=== puma startup: 2022-08-24 22:27:24 +0000 ===
=== puma startup: 2022-08-24 22:28:55 +0000 ===
=== puma startup: 2022-08-24 22:30:26 +0000 ===
=== puma startup: 2022-08-24 22:31:56 +0000 ===
=== puma startup: 2022-08-24 22:33:27 +0000 ===
=== puma startup: 2022-08-24 22:34:58 +0000 ===
=== puma startup: 2022-08-24 22:36:29 +0000 ===
=== puma startup: 2022-08-24 22:37:59 +0000 ===
=== puma startup: 2022-08-24 22:39:30 +0000 ===
=== puma startup: 2022-08-24 22:41:01 +0000 ===
=== puma startup: 2022-08-24 22:42:32 +0000 ===
=== puma startup: 2022-08-24 22:44:02 +0000 ===
=== puma startup: 2022-08-24 22:45:33 +0000 ===
=== puma startup: 2022-08-24 22:47:04 +0000 ===
=== puma startup: 2022-08-24 22:48:35 +0000 ===
=== puma startup: 2022-08-24 22:50:05 +0000 ===
=== puma startup: 2022-08-24 22:51:36 +0000 ===
=== puma startup: 2022-08-24 22:53:07 +0000 ===
=== puma startup: 2022-08-24 22:54:38 +0000 ===
=== puma startup: 2022-08-24 22:56:08 +0000 ===
=== puma startup: 2022-08-24 22:57:39 +0000 ===
=== puma startup: 2022-08-24 22:59:10 +0000 ===
=== puma startup: 2022-08-24 23:00:41 +0000 ===
=== puma startup: 2022-08-24 23:02:11 +0000 ===
=== puma startup: 2022-08-24 23:03:42 +0000 ===
=== puma startup: 2022-08-24 23:05:13 +0000 ===
=== puma startup: 2022-08-24 23:06:44 +0000 ===
=== puma startup: 2022-08-24 23:08:14 +0000 ===
=== puma startup: 2022-08-24 23:09:45 +0000 ===
=== puma startup: 2022-08-24 23:11:16 +0000 ===
=== puma startup: 2022-08-24 23:12:47 +0000 ===
=== puma startup: 2022-08-24 23:14:17 +0000 ===
=== puma startup: 2022-08-24 23:15:48 +0000 ===
=== puma startup: 2022-08-24 23:17:19 +0000 ===
=== puma startup: 2022-08-24 23:18:50 +0000 ===
=== puma startup: 2022-08-24 23:20:20 +0000 ===
=== puma startup: 2022-08-24 23:21:51 +0000 ===
=== puma startup: 2022-08-24 23:23:22 +0000 ===
=== puma startup: 2022-08-24 23:24:53 +0000 ===
=== puma startup: 2022-08-24 23:26:24 +0000 ===
=== puma startup: 2022-08-24 23:27:54 +0000 ===
=== puma startup: 2022-08-24 23:29:25 +0000 ===
=== puma startup: 2022-08-24 23:30:56 +0000 ===
=== puma startup: 2022-08-24 23:32:26 +0000 ===
=== puma startup: 2022-08-24 23:33:57 +0000 ===
=== puma startup: 2022-08-24 23:35:28 +0000 ===
=== puma startup: 2022-08-24 23:36:59 +0000 ===
=== puma startup: 2022-08-24 23:38:29 +0000 ===
=== puma startup: 2022-08-24 23:40:00 +0000 ===
=== puma startup: 2022-08-24 23:41:31 +0000 ===
=== puma startup: 2022-08-24 23:43:02 +0000 ===
=== puma startup: 2022-08-24 23:44:32 +0000 ===
=== puma startup: 2022-08-24 23:46:03 +0000 ===
=== puma startup: 2022-08-24 23:47:34 +0000 ===
=== puma startup: 2022-08-24 23:49:05 +0000 ===
=== puma startup: 2022-08-24 23:50:35 +0000 ===
=== puma startup: 2022-08-24 23:52:06 +0000 ===
=== puma startup: 2022-08-24 23:53:37 +0000 ===
=== puma startup: 2022-08-24 23:55:08 +0000 ===
=== puma startup: 2022-08-24 23:56:38 +0000 ===
=== puma startup: 2022-08-24 23:58:09 +0000 ===
=== puma startup: 2022-08-24 23:59:40 +0000 ===
=== puma startup: 2022-08-25 00:01:11 +0000 ===
=== puma startup: 2022-08-25 00:02:41 +0000 ===
=== puma startup: 2022-08-25 00:04:12 +0000 ===
=== puma startup: 2022-08-25 00:05:43 +0000 ===
=== puma startup: 2022-08-25 00:07:14 +0000 ===
=== puma startup: 2022-08-25 00:08:44 +0000 ===
=== puma startup: 2022-08-25 00:10:15 +0000 ===
=== puma startup: 2022-08-25 00:11:46 +0000 ===
=== puma startup: 2022-08-25 00:13:17 +0000 ===
=== puma startup: 2022-08-25 00:14:47 +0000 ===
=== puma startup: 2022-08-25 00:16:18 +0000 ===
=== puma startup: 2022-08-25 00:17:49 +0000 ===
=== puma startup: 2022-08-25 00:19:20 +0000 ===
=== puma startup: 2022-08-25 00:20:50 +0000 ===
=== puma startup: 2022-08-25 00:22:21 +0000 ===
=== puma startup: 2022-08-25 00:23:52 +0000 ===
=== puma startup: 2022-08-25 00:25:23 +0000 ===
=== puma startup: 2022-08-25 00:26:53 +0000 ===
=== puma startup: 2022-08-25 00:28:24 +0000 ===
=== puma startup: 2022-08-25 00:29:55 +0000 ===
=== puma startup: 2022-08-25 00:31:26 +0000 ===
=== puma startup: 2022-08-25 00:32:56 +0000 ===
=== puma startup: 2022-08-25 00:34:27 +0000 ===
=== puma startup: 2022-08-25 00:35:58 +0000 ===
=== puma startup: 2022-08-25 00:37:29 +0000 ===
=== puma startup: 2022-08-25 00:38:59 +0000 ===
=== puma startup: 2022-08-25 00:40:30 +0000 ===
=== puma startup: 2022-08-25 00:42:01 +0000 ===
=== puma startup: 2022-08-25 00:43:32 +0000 ===
=== puma startup: 2022-08-25 00:45:02 +0000 ===
=== puma startup: 2022-08-25 00:46:33 +0000 ===
=== puma startup: 2022-08-25 00:48:04 +0000 ===
=== puma startup: 2022-08-25 00:49:35 +0000 ===
=== puma startup: 2022-08-25 00:51:05 +0000 ===
=== puma startup: 2022-08-25 00:52:36 +0000 ===
=== puma startup: 2022-08-25 00:54:07 +0000 ===
=== puma startup: 2022-08-25 00:55:38 +0000 ===
=== puma startup: 2022-08-25 00:57:08 +0000 ===
=== puma startup: 2022-08-25 00:58:39 +0000 ===
=== puma startup: 2022-08-25 01:00:10 +0000 ===
=== puma startup: 2022-08-25 01:01:41 +0000 ===
=== puma startup: 2022-08-25 01:03:11 +0000 ===
=== puma startup: 2022-08-25 01:04:42 +0000 ===
=== puma startup: 2022-08-25 01:06:13 +0000 ===
=== puma startup: 2022-08-25 01:07:44 +0000 ===
=== puma startup: 2022-08-25 01:09:14 +0000 ===
=== puma startup: 2022-08-25 01:10:45 +0000 ===
=== puma startup: 2022-08-25 01:12:16 +0000 ===
=== puma startup: 2022-08-25 01:13:47 +0000 ===
=== puma startup: 2022-08-25 01:15:17 +0000 ===
=== puma startup: 2022-08-25 01:16:48 +0000 ===
=== puma startup: 2022-08-25 01:18:19 +0000 ===
=== puma startup: 2022-08-25 01:19:50 +0000 ===
=== puma startup: 2022-08-25 01:21:20 +0000 ===
=== puma startup: 2022-08-25 01:22:51 +0000 ===
=== puma startup: 2022-08-25 01:24:22 +0000 ===
=== puma startup: 2022-08-25 01:25:53 +0000 ===
=== puma startup: 2022-08-25 01:27:23 +0000 ===
=== puma startup: 2022-08-25 01:28:54 +0000 ===
=== puma startup: 2022-08-25 01:30:25 +0000 ===
=== puma startup: 2022-08-25 01:31:56 +0000 ===
=== puma startup: 2022-08-25 01:33:26 +0000 ===
=== puma startup: 2022-08-25 01:34:57 +0000 ===
=== puma startup: 2022-08-25 01:36:28 +0000 ===
=== puma startup: 2022-08-25 01:37:59 +0000 ===
=== puma startup: 2022-08-25 01:39:29 +0000 ===
=== puma startup: 2022-08-25 01:41:00 +0000 ===
=== puma startup: 2022-08-25 01:42:31 +0000 ===
=== puma startup: 2022-08-25 01:44:02 +0000 ===
=== puma startup: 2022-08-25 01:45:32 +0000 ===
=== puma startup: 2022-08-25 01:47:03 +0000 ===
=== puma startup: 2022-08-25 01:48:34 +0000 ===
=== puma startup: 2022-08-25 01:50:05 +0000 ===
=== puma startup: 2022-08-25 01:51:35 +0000 ===
=== puma startup: 2022-08-25 01:53:06 +0000 ===
=== puma startup: 2022-08-25 01:54:37 +0000 ===
=== puma startup: 2022-08-25 01:56:08 +0000 ===
=== puma startup: 2022-08-25 01:57:38 +0000 ===
=== puma startup: 2022-08-25 01:59:09 +0000 ===
=== puma startup: 2022-08-25 02:00:40 +0000 ===
=== puma startup: 2022-08-25 02:02:11 +0000 ===
=== puma startup: 2022-08-25 02:03:41 +0000 ===
=== puma startup: 2022-08-25 02:05:12 +0000 ===
=== puma startup: 2022-08-25 02:06:43 +0000 ===
=== puma startup: 2022-08-25 02:08:14 +0000 ===
=== puma startup: 2022-08-25 02:09:44 +0000 ===
=== puma startup: 2022-08-25 02:11:15 +0000 ===
=== puma startup: 2022-08-25 02:12:46 +0000 ===
=== puma startup: 2022-08-25 02:14:17 +0000 ===
=== puma startup: 2022-08-25 02:15:47 +0000 ===
=== puma startup: 2022-08-25 02:17:18 +0000 ===
=== puma startup: 2022-08-25 02:18:49 +0000 ===
=== puma startup: 2022-08-25 02:20:20 +0000 ===
=== puma startup: 2022-08-25 02:21:50 +0000 ===
=== puma startup: 2022-08-25 02:23:21 +0000 ===
=== puma startup: 2022-08-25 02:24:52 +0000 ===
=== puma startup: 2022-08-25 02:26:23 +0000 ===
=== puma startup: 2022-08-25 02:27:53 +0000 ===
=== puma startup: 2022-08-25 02:29:24 +0000 ===
=== puma startup: 2022-08-25 02:30:55 +0000 ===
=== puma startup: 2022-08-25 02:32:26 +0000 ===
=== puma startup: 2022-08-25 02:33:56 +0000 ===
=== puma startup: 2022-08-25 02:35:27 +0000 ===
=== puma startup: 2022-08-25 02:36:58 +0000 ===
=== puma startup: 2022-08-25 02:38:29 +0000 ===
=== puma startup: 2022-08-25 02:39:59 +0000 ===
=== puma startup: 2022-08-25 02:41:30 +0000 ===
=== puma startup: 2022-08-25 02:43:01 +0000 ===
=== puma startup: 2022-08-25 02:44:32 +0000 ===
=== puma startup: 2022-08-25 02:46:02 +0000 ===
=== puma startup: 2022-08-25 02:47:33 +0000 ===
=== puma startup: 2022-08-25 02:49:04 +0000 ===
=== puma startup: 2022-08-25 02:50:35 +0000 ===
=== puma startup: 2022-08-25 02:52:05 +0000 ===
=== puma startup: 2022-08-25 02:53:36 +0000 ===
=== puma startup: 2022-08-25 02:55:07 +0000 ===
=== puma startup: 2022-08-25 02:56:38 +0000 ===
=== puma startup: 2022-08-25 02:58:08 +0000 ===
=== puma startup: 2022-08-25 02:59:39 +0000 ===
=== puma startup: 2022-08-25 03:01:10 +0000 ===
=== puma startup: 2022-08-25 03:02:41 +0000 ===
=== puma startup: 2022-08-25 03:04:11 +0000 ===
=== puma startup: 2022-08-25 03:05:42 +0000 ===
=== puma startup: 2022-08-25 03:07:13 +0000 ===
=== puma startup: 2022-08-25 03:08:44 +0000 ===
=== puma startup: 2022-08-25 03:10:14 +0000 ===
=== puma startup: 2022-08-25 03:11:45 +0000 ===
=== puma startup: 2022-08-25 03:13:16 +0000 ===
=== puma startup: 2022-08-25 03:14:47 +0000 ===
=== puma startup: 2022-08-25 03:16:17 +0000 ===
=== puma startup: 2022-08-25 03:17:48 +0000 ===
=== puma startup: 2022-08-25 03:19:19 +0000 ===
=== puma startup: 2022-08-25 03:20:50 +0000 ===
=== puma startup: 2022-08-25 03:22:20 +0000 ===
=== puma startup: 2022-08-25 03:23:51 +0000 ===
=== puma startup: 2022-08-25 03:25:22 +0000 ===
=== puma startup: 2022-08-25 03:26:53 +0000 ===
=== puma startup: 2022-08-25 03:28:23 +0000 ===
=== puma startup: 2022-08-25 03:29:54 +0000 ===
=== puma startup: 2022-08-25 03:31:25 +0000 ===
=== puma startup: 2022-08-25 03:32:56 +0000 ===
=== puma startup: 2022-08-25 03:34:26 +0000 ===
=== puma startup: 2022-08-25 03:35:57 +0000 ===
=== puma startup: 2022-08-25 03:37:28 +0000 ===
=== puma startup: 2022-08-25 03:38:59 +0000 ===
=== puma startup: 2022-08-25 03:40:29 +0000 ===
=== puma startup: 2022-08-25 03:42:00 +0000 ===
=== puma startup: 2022-08-25 03:43:31 +0000 ===
=== puma startup: 2022-08-25 03:45:02 +0000 ===
=== puma startup: 2022-08-25 03:46:32 +0000 ===
=== puma startup: 2022-08-25 03:48:03 +0000 ===
=== puma startup: 2022-08-25 03:49:34 +0000 ===
=== puma startup: 2022-08-25 03:51:05 +0000 ===
=== puma startup: 2022-08-25 03:52:35 +0000 ===
=== puma startup: 2022-08-25 03:54:06 +0000 ===
=== puma startup: 2022-08-25 03:55:37 +0000 ===
=== puma startup: 2022-08-25 03:57:08 +0000 ===
=== puma startup: 2022-08-25 03:58:38 +0000 ===
=== puma startup: 2022-08-25 04:00:09 +0000 ===
=== puma startup: 2022-08-25 04:01:40 +0000 ===
=== puma startup: 2022-08-25 04:03:11 +0000 ===
=== puma startup: 2022-08-25 04:04:41 +0000 ===
=== puma startup: 2022-08-25 04:06:12 +0000 ===
=== puma startup: 2022-08-25 04:07:43 +0000 ===
=== puma startup: 2022-08-25 04:09:14 +0000 ===
=== puma startup: 2022-08-25 04:10:44 +0000 ===
=== puma startup: 2022-08-25 04:12:15 +0000 ===
=== puma startup: 2022-08-25 04:13:46 +0000 ===
=== puma startup: 2022-08-25 04:15:17 +0000 ===
=== puma startup: 2022-08-25 04:16:47 +0000 ===
=== puma startup: 2022-08-25 04:18:18 +0000 ===
=== puma startup: 2022-08-25 04:19:49 +0000 ===
=== puma startup: 2022-08-25 04:21:20 +0000 ===
=== puma startup: 2022-08-25 04:22:50 +0000 ===
=== puma startup: 2022-08-25 04:24:21 +0000 ===
=== puma startup: 2022-08-25 04:25:52 +0000 ===
=== puma startup: 2022-08-25 04:27:23 +0000 ===
=== puma startup: 2022-08-25 04:28:53 +0000 ===
=== puma startup: 2022-08-25 04:30:24 +0000 ===
=== puma startup: 2022-08-25 04:31:55 +0000 ===
=== puma startup: 2022-08-25 04:33:26 +0000 ===
=== puma startup: 2022-08-25 04:34:56 +0000 ===
=== puma startup: 2022-08-25 04:36:27 +0000 ===
=== puma startup: 2022-08-25 04:37:58 +0000 ===
=== puma startup: 2022-08-25 04:39:29 +0000 ===
=== puma startup: 2022-08-25 04:40:59 +0000 ===
=== puma startup: 2022-08-25 04:42:30 +0000 ===
=== puma startup: 2022-08-25 04:44:01 +0000 ===
=== puma startup: 2022-08-25 04:45:32 +0000 ===
=== puma startup: 2022-08-25 04:47:02 +0000 ===
=== puma startup: 2022-08-25 04:48:33 +0000 ===
=== puma startup: 2022-08-25 04:50:04 +0000 ===
=== puma startup: 2022-08-25 04:51:35 +0000 ===
=== puma startup: 2022-08-25 04:53:05 +0000 ===
=== puma startup: 2022-08-25 04:54:36 +0000 ===
=== puma startup: 2022-08-25 04:56:07 +0000 ===
=== puma startup: 2022-08-25 04:57:38 +0000 ===
=== puma startup: 2022-08-25 04:59:08 +0000 ===
=== puma startup: 2022-08-25 05:00:39 +0000 ===
=== puma startup: 2022-08-25 05:02:10 +0000 ===
=== puma startup: 2022-08-25 05:03:41 +0000 ===
=== puma startup: 2022-08-25 05:05:11 +0000 ===
=== puma startup: 2022-08-25 05:06:42 +0000 ===
=== puma startup: 2022-08-25 05:08:13 +0000 ===
=== puma startup: 2022-08-25 05:09:44 +0000 ===
=== puma startup: 2022-08-25 05:11:14 +0000 ===
=== puma startup: 2022-08-25 05:12:45 +0000 ===
=== puma startup: 2022-08-25 05:14:16 +0000 ===
=== puma startup: 2022-08-25 05:15:47 +0000 ===
=== puma startup: 2022-08-25 05:17:17 +0000 ===
=== puma startup: 2022-08-25 05:18:48 +0000 ===
=== puma startup: 2022-08-25 05:20:19 +0000 ===
=== puma startup: 2022-08-25 05:21:50 +0000 ===
=== puma startup: 2022-08-25 05:23:20 +0000 ===
=== puma startup: 2022-08-25 05:24:51 +0000 ===
=== puma startup: 2022-08-25 05:26:22 +0000 ===
=== puma startup: 2022-08-25 05:27:53 +0000 ===
=== puma startup: 2022-08-25 05:29:23 +0000 ===
=== puma startup: 2022-08-25 05:30:54 +0000 ===
=== puma startup: 2022-08-25 05:32:25 +0000 ===
=== puma startup: 2022-08-25 05:33:56 +0000 ===
=== puma startup: 2022-08-25 05:35:26 +0000 ===
=== puma startup: 2022-08-25 05:36:57 +0000 ===
=== puma startup: 2022-08-25 05:38:28 +0000 ===
=== puma startup: 2022-08-25 05:39:59 +0000 ===
=== puma startup: 2022-08-25 05:41:29 +0000 ===
=== puma startup: 2022-08-25 05:43:00 +0000 ===
=== puma startup: 2022-08-25 05:44:31 +0000 ===
=== puma startup: 2022-08-25 05:46:02 +0000 ===
=== puma startup: 2022-08-25 05:47:32 +0000 ===
=== puma startup: 2022-08-25 05:49:03 +0000 ===
=== puma startup: 2022-08-25 05:50:34 +0000 ===
=== puma startup: 2022-08-25 05:52:05 +0000 ===
=== puma startup: 2022-08-25 05:53:35 +0000 ===
=== puma startup: 2022-08-25 05:55:06 +0000 ===
=== puma startup: 2022-08-25 05:56:37 +0000 ===
=== puma startup: 2022-08-25 05:58:08 +0000 ===
=== puma startup: 2022-08-25 05:59:38 +0000 ===
=== puma startup: 2022-08-25 06:01:09 +0000 ===
=== puma startup: 2022-08-25 06:02:40 +0000 ===
=== puma startup: 2022-08-25 06:04:11 +0000 ===
=== puma startup: 2022-08-25 06:05:41 +0000 ===
=== puma startup: 2022-08-25 06:07:12 +0000 ===
=== puma startup: 2022-08-25 06:08:43 +0000 ===
=== puma startup: 2022-08-25 06:10:14 +0000 ===
=== puma startup: 2022-08-25 06:11:44 +0000 ===
=== puma startup: 2022-08-25 06:13:15 +0000 ===
=== puma startup: 2022-08-25 06:14:46 +0000 ===
=== puma startup: 2022-08-25 06:16:17 +0000 ===
=== puma startup: 2022-08-25 06:17:47 +0000 ===
=== puma startup: 2022-08-25 06:19:18 +0000 ===
=== puma startup: 2022-08-25 06:20:49 +0000 ===
=== puma startup: 2022-08-25 06:22:20 +0000 ===
=== puma startup: 2022-08-25 06:23:50 +0000 ===
=== puma startup: 2022-08-25 06:25:21 +0000 ===
=== puma startup: 2022-08-25 06:26:52 +0000 ===
=== puma startup: 2022-08-25 06:28:23 +0000 ===
=== puma startup: 2022-08-25 06:29:53 +0000 ===
=== puma startup: 2022-08-25 06:31:24 +0000 ===
=== puma startup: 2022-08-25 06:32:55 +0000 ===
=== puma startup: 2022-08-25 06:34:26 +0000 ===
=== puma startup: 2022-08-25 06:35:56 +0000 ===
=== puma startup: 2022-08-25 06:37:27 +0000 ===
=== puma startup: 2022-08-25 06:38:58 +0000 ===
=== puma startup: 2022-08-25 06:40:29 +0000 ===
=== puma startup: 2022-08-25 06:41:59 +0000 ===
=== puma startup: 2022-08-25 06:43:30 +0000 ===
=== puma startup: 2022-08-25 06:45:01 +0000 ===
=== puma startup: 2022-08-25 06:46:32 +0000 ===
=== puma startup: 2022-08-25 06:48:02 +0000 ===
=== puma startup: 2022-08-25 06:49:33 +0000 ===
=== puma startup: 2022-08-25 06:51:04 +0000 ===
=== puma startup: 2022-08-25 06:52:35 +0000 ===
=== puma startup: 2022-08-25 06:54:05 +0000 ===
=== puma startup: 2022-08-25 06:55:36 +0000 ===
=== puma startup: 2022-08-25 06:57:07 +0000 ===
=== puma startup: 2022-08-25 06:58:37 +0000 ===
=== puma startup: 2022-08-25 07:00:08 +0000 ===
=== puma startup: 2022-08-25 07:01:39 +0000 ===
=== puma startup: 2022-08-25 07:03:10 +0000 ===
=== puma startup: 2022-08-25 07:04:40 +0000 ===
=== puma startup: 2022-08-25 07:06:11 +0000 ===
=== puma startup: 2022-08-25 07:07:42 +0000 ===
=== puma startup: 2022-08-25 07:09:13 +0000 ===
=== puma startup: 2022-08-25 07:10:44 +0000 ===
=== puma startup: 2022-08-25 07:12:14 +0000 ===
=== puma startup: 2022-08-25 07:13:45 +0000 ===
=== puma startup: 2022-08-25 07:15:16 +0000 ===
=== puma startup: 2022-08-25 07:16:46 +0000 ===
=== puma startup: 2022-08-25 07:18:17 +0000 ===
=== puma startup: 2022-08-25 07:19:48 +0000 ===
=== puma startup: 2022-08-25 07:21:19 +0000 ===
=== puma startup: 2022-08-25 07:22:49 +0000 ===
=== puma startup: 2022-08-25 07:24:20 +0000 ===
=== puma startup: 2022-08-25 07:25:51 +0000 ===
=== puma startup: 2022-08-25 07:27:22 +0000 ===
=== puma startup: 2022-08-25 07:28:52 +0000 ===
=== puma startup: 2022-08-25 07:30:23 +0000 ===
=== puma startup: 2022-08-25 07:31:54 +0000 ===
=== puma startup: 2022-08-25 07:33:25 +0000 ===
=== puma startup: 2022-08-25 07:34:56 +0000 ===
=== puma startup: 2022-08-25 07:36:26 +0000 ===
=== puma startup: 2022-08-25 07:37:57 +0000 ===
=== puma startup: 2022-08-25 07:39:28 +0000 ===
=== puma startup: 2022-08-25 07:40:58 +0000 ===
=== puma startup: 2022-08-25 07:42:29 +0000 ===
=== puma startup: 2022-08-25 07:44:00 +0000 ===
=== puma startup: 2022-08-25 07:45:31 +0000 ===
=== puma startup: 2022-08-25 07:47:01 +0000 ===
=== puma startup: 2022-08-25 07:48:32 +0000 ===
=== puma startup: 2022-08-25 07:50:03 +0000 ===
=== puma startup: 2022-08-25 07:51:34 +0000 ===
=== puma startup: 2022-08-25 07:53:04 +0000 ===
=== puma startup: 2022-08-25 07:54:35 +0000 ===
=== puma startup: 2022-08-25 07:56:06 +0000 ===
=== puma startup: 2022-08-25 07:57:37 +0000 ===
=== puma startup: 2022-08-25 07:59:07 +0000 ===
=== puma startup: 2022-08-25 08:00:38 +0000 ===
=== puma startup: 2022-08-25 08:02:09 +0000 ===
=== puma startup: 2022-08-25 08:03:40 +0000 ===
=== puma startup: 2022-08-25 08:05:10 +0000 ===
=== puma startup: 2022-08-25 08:06:41 +0000 ===
=== puma startup: 2022-08-25 08:08:12 +0000 ===
=== puma startup: 2022-08-25 08:09:43 +0000 ===
=== puma startup: 2022-08-25 08:11:13 +0000 ===
=== puma startup: 2022-08-25 08:12:44 +0000 ===
=== puma startup: 2022-08-25 08:14:15 +0000 ===
=== puma startup: 2022-08-25 08:15:46 +0000 ===
=== puma startup: 2022-08-25 08:17:16 +0000 ===
=== puma startup: 2022-08-25 08:18:47 +0000 ===
=== puma startup: 2022-08-25 08:20:18 +0000 ===
=== puma startup: 2022-08-25 08:21:49 +0000 ===
=== puma startup: 2022-08-25 08:23:19 +0000 ===
=== puma startup: 2022-08-25 08:24:50 +0000 ===
=== puma startup: 2022-08-25 08:26:21 +0000 ===
=== puma startup: 2022-08-25 08:27:52 +0000 ===
=== puma startup: 2022-08-25 08:29:22 +0000 ===
=== puma startup: 2022-08-25 08:30:53 +0000 ===
=== puma startup: 2022-08-25 08:32:24 +0000 ===
=== puma startup: 2022-08-25 08:33:55 +0000 ===
=== puma startup: 2022-08-25 08:35:25 +0000 ===
=== puma startup: 2022-08-25 08:36:56 +0000 ===
=== puma startup: 2022-08-25 08:38:27 +0000 ===
=== puma startup: 2022-08-25 08:39:58 +0000 ===
=== puma startup: 2022-08-25 08:41:28 +0000 ===
=== puma startup: 2022-08-25 08:42:59 +0000 ===
=== puma startup: 2022-08-25 08:44:30 +0000 ===
=== puma startup: 2022-08-25 08:46:00 +0000 ===
=== puma startup: 2022-08-25 08:47:31 +0000 ===
=== puma startup: 2022-08-25 08:49:02 +0000 ===
=== puma startup: 2022-08-25 08:50:32 +0000 ===
=== puma startup: 2022-08-25 08:52:03 +0000 ===
=== puma startup: 2022-08-25 08:53:34 +0000 ===
=== puma startup: 2022-08-25 08:55:05 +0000 ===
=== puma startup: 2022-08-25 08:56:35 +0000 ===
=== puma startup: 2022-08-25 08:58:06 +0000 ===
=== puma startup: 2022-08-25 08:59:37 +0000 ===
=== puma startup: 2022-08-25 09:01:08 +0000 ===
=== puma startup: 2022-08-25 09:02:38 +0000 ===
=== puma startup: 2022-08-25 09:04:09 +0000 ===
=== puma startup: 2022-08-25 09:05:40 +0000 ===
=== puma startup: 2022-08-25 09:07:11 +0000 ===
=== puma startup: 2022-08-25 09:08:41 +0000 ===
=== puma startup: 2022-08-25 09:10:12 +0000 ===
=== puma startup: 2022-08-25 09:11:43 +0000 ===
=== puma startup: 2022-08-25 09:13:14 +0000 ===
=== puma startup: 2022-08-25 09:14:44 +0000 ===
=== puma startup: 2022-08-25 09:16:15 +0000 ===
=== puma startup: 2022-08-25 09:17:46 +0000 ===
=== puma startup: 2022-08-25 09:19:17 +0000 ===
=== puma startup: 2022-08-25 09:20:47 +0000 ===
=== puma startup: 2022-08-25 09:22:18 +0000 ===
=== puma startup: 2022-08-25 09:23:49 +0000 ===
=== puma startup: 2022-08-25 09:25:20 +0000 ===
=== puma startup: 2022-08-25 09:26:50 +0000 ===
=== puma startup: 2022-08-25 09:28:21 +0000 ===
=== puma startup: 2022-08-25 09:29:52 +0000 ===
=== puma startup: 2022-08-25 09:31:23 +0000 ===
=== puma startup: 2022-08-25 09:32:53 +0000 ===
=== puma startup: 2022-08-25 09:34:24 +0000 ===
=== puma startup: 2022-08-25 09:35:55 +0000 ===
=== puma startup: 2022-08-25 09:37:26 +0000 ===
=== puma startup: 2022-08-25 09:38:56 +0000 ===
=== puma startup: 2022-08-25 09:40:27 +0000 ===
=== puma startup: 2022-08-25 09:41:58 +0000 ===
=== puma startup: 2022-08-25 09:43:29 +0000 ===
=== puma startup: 2022-08-25 09:44:59 +0000 ===
=== puma startup: 2022-08-25 09:46:30 +0000 ===
=== puma startup: 2022-08-25 09:48:01 +0000 ===
=== puma startup: 2022-08-25 09:49:32 +0000 ===
=== puma startup: 2022-08-25 09:51:02 +0000 ===
=== puma startup: 2022-08-25 09:52:33 +0000 ===
=== puma startup: 2022-08-25 09:54:04 +0000 ===
=== puma startup: 2022-08-25 09:55:35 +0000 ===
=== puma startup: 2022-08-25 09:57:05 +0000 ===
=== puma startup: 2022-08-25 09:58:36 +0000 ===
=== puma startup: 2022-08-25 10:00:07 +0000 ===
=== puma startup: 2022-08-25 10:01:38 +0000 ===
=== puma startup: 2022-08-25 10:03:09 +0000 ===
=== puma startup: 2022-08-25 10:04:39 +0000 ===
=== puma startup: 2022-08-25 10:06:10 +0000 ===
=== puma startup: 2022-08-25 10:07:41 +0000 ===
=== puma startup: 2022-08-25 10:09:11 +0000 ===
=== puma startup: 2022-08-25 10:10:42 +0000 ===
=== puma startup: 2022-08-25 10:12:13 +0000 ===
=== puma startup: 2022-08-25 10:13:44 +0000 ===
=== puma startup: 2022-08-25 10:15:14 +0000 ===
=== puma startup: 2022-08-25 10:16:45 +0000 ===
=== puma startup: 2022-08-25 10:18:16 +0000 ===
=== puma startup: 2022-08-25 10:19:47 +0000 ===
=== puma startup: 2022-08-25 10:21:17 +0000 ===
=== puma startup: 2022-08-25 10:22:48 +0000 ===
=== puma startup: 2022-08-25 10:24:19 +0000 ===
=== puma startup: 2022-08-25 10:25:49 +0000 ===
=== puma startup: 2022-08-25 10:27:20 +0000 ===
=== puma startup: 2022-08-25 10:28:51 +0000 ===
=== puma startup: 2022-08-25 10:30:22 +0000 ===
=== puma startup: 2022-08-25 10:31:52 +0000 ===
=== puma startup: 2022-08-25 10:33:23 +0000 ===
=== puma startup: 2022-08-25 10:34:54 +0000 ===
=== puma startup: 2022-08-25 10:36:25 +0000 ===
=== puma startup: 2022-08-25 10:37:55 +0000 ===
=== puma startup: 2022-08-25 10:39:26 +0000 ===
=== puma startup: 2022-08-25 10:40:57 +0000 ===
=== puma startup: 2022-08-25 10:42:28 +0000 ===
=== puma startup: 2022-08-25 10:43:58 +0000 ===
=== puma startup: 2022-08-25 10:45:29 +0000 ===
=== puma startup: 2022-08-25 10:47:00 +0000 ===
=== puma startup: 2022-08-25 10:48:30 +0000 ===
=== puma startup: 2022-08-25 10:50:01 +0000 ===
=== puma startup: 2022-08-25 10:51:32 +0000 ===
=== puma startup: 2022-08-25 10:53:03 +0000 ===
=== puma startup: 2022-08-25 10:54:33 +0000 ===
=== puma startup: 2022-08-25 10:56:04 +0000 ===
=== puma startup: 2022-08-25 10:57:35 +0000 ===
=== puma startup: 2022-08-25 10:59:06 +0000 ===
=== puma startup: 2022-08-25 11:00:36 +0000 ===
=== puma startup: 2022-08-25 11:02:07 +0000 ===
=== puma startup: 2022-08-25 11:03:38 +0000 ===
=== puma startup: 2022-08-25 11:05:09 +0000 ===
=== puma startup: 2022-08-25 11:06:39 +0000 ===
=== puma startup: 2022-08-25 11:08:10 +0000 ===
=== puma startup: 2022-08-25 11:09:41 +0000 ===
=== puma startup: 2022-08-25 11:11:12 +0000 ===
=== puma startup: 2022-08-25 11:12:42 +0000 ===
=== puma startup: 2022-08-25 11:14:13 +0000 ===
=== puma startup: 2022-08-25 11:15:44 +0000 ===
=== puma startup: 2022-08-25 11:17:15 +0000 ===
=== puma startup: 2022-08-25 11:18:45 +0000 ===
=== puma startup: 2022-08-25 11:20:16 +0000 ===
=== puma startup: 2022-08-25 11:21:47 +0000 ===
=== puma startup: 2022-08-25 11:23:18 +0000 ===
=== puma startup: 2022-08-25 11:24:48 +0000 ===
=== puma startup: 2022-08-25 11:26:19 +0000 ===
=== puma startup: 2022-08-25 11:27:50 +0000 ===
=== puma startup: 2022-08-25 11:29:21 +0000 ===
=== puma startup: 2022-08-25 11:30:51 +0000 ===
=== puma startup: 2022-08-25 11:32:22 +0000 ===
=== puma startup: 2022-08-25 11:33:53 +0000 ===
=== puma startup: 2022-08-25 11:35:24 +0000 ===
=== puma startup: 2022-08-25 11:36:54 +0000 ===
=== puma startup: 2022-08-25 11:38:25 +0000 ===
=== puma startup: 2022-08-25 11:39:56 +0000 ===
=== puma startup: 2022-08-25 11:41:27 +0000 ===
=== puma startup: 2022-08-25 11:42:57 +0000 ===
=== puma startup: 2022-08-25 11:44:28 +0000 ===
=== puma startup: 2022-08-25 11:45:59 +0000 ===
=== puma startup: 2022-08-25 11:47:30 +0000 ===
=== puma startup: 2022-08-25 11:49:00 +0000 ===
=== puma startup: 2022-08-25 11:50:31 +0000 ===
=== puma startup: 2022-08-25 11:52:02 +0000 ===
=== puma startup: 2022-08-25 11:53:33 +0000 ===
=== puma startup: 2022-08-25 11:55:03 +0000 ===
=== puma startup: 2022-08-25 11:56:34 +0000 ===
=== puma startup: 2022-08-25 11:58:05 +0000 ===
=== puma startup: 2022-08-25 11:59:36 +0000 ===
=== puma startup: 2022-08-25 12:01:06 +0000 ===
=== puma startup: 2022-08-25 12:02:37 +0000 ===
=== puma startup: 2022-08-25 12:04:08 +0000 ===
=== puma startup: 2022-08-25 12:05:38 +0000 ===
=== puma startup: 2022-08-25 12:07:09 +0000 ===
=== puma startup: 2022-08-25 12:08:40 +0000 ===
=== puma startup: 2022-08-25 12:10:11 +0000 ===
=== puma startup: 2022-08-25 12:11:41 +0000 ===
=== puma startup: 2022-08-26 11:53:21 -0300 ===
DEBUGGER: Attaching after process 14429 fork to child process 14530
DEBUGGER[bin/rails#14532]: Attaching after process 14429 fork to child process 14532
DEBUGGER[bin/rails#14536]: Attaching after process 14429 fork to child process 14536
DEBUGGER[bin/rails#14538]: Attaching after process 14429 fork to child process 14538
=== puma startup: 2022-08-26 11:57:04 -0300 ===
DEBUGGER: Attaching after process 14872 fork to child process 14948
DEBUGGER[bin/rails#14951]: Attaching after process 14872 fork to child process 14951
DEBUGGER[bin/rails#14952]: Attaching after process 14872 fork to child process 14952
DEBUGGER[bin/rails#14955]: Attaching after process 14872 fork to child process 14955
=== puma startup: 2022-08-26 12:01:26 -0300 ===
DEBUGGER: Attaching after process 15222 fork to child process 15300
DEBUGGER[bin/rails#15303]: Attaching after process 15222 fork to child process 15303
DEBUGGER[bin/rails#15306]: Attaching after process 15222 fork to child process 15306
DEBUGGER[bin/rails#15309]: Attaching after process 15222 fork to child process 15309
=== puma startup: 2022-08-26 13:45:00 -0300 ===
DEBUGGER: Attaching after process 16356 fork to child process 16469
DEBUGGER[bin/rails#16472]: Attaching after process 16356 fork to child process 16472
DEBUGGER[bin/rails#16473]: Attaching after process 16356 fork to child process 16473
DEBUGGER[bin/rails#16476]: Attaching after process 16356 fork to child process 16476
